# JRE version: OpenJDK Runtime Environment Temurin-17.0.7+7 (17.0.7+7) (build 17.0.7+7)
# Java VM: OpenJDK 64-Bit Server VM Temurin-17.0.7+7 (17.0.7+7, mixed mode, tiered, compressed oops, compressed class ptrs, parallel gc, windows-amd64)
GC Precious Log:
 CPUs: 8 total, 8 available
 Memory: 8062M
 Large Page Support: Disabled
 NUMA Support: Disabled
 Compressed Oops: Enabled (32-bit)
 Alignments: Space 512K, Generation 512K, Heap 2M
 Heap Min Capacity: 100M
 Heap Initial Capacity: 100M
 Heap Max Capacity: 1G
 Pre-touch: Disabled
 Parallel Workers: 8
Heap:
 PSYoungGen      total 17920K, used 16193K [0x00000000eab00000, 0x00000000ebd80000, 0x0000000100000000)
  eden space 16896K, 93% used [0x00000000eab00000,0x00000000eba60660,0x00000000ebb80000)
  from space 1024K, 43% used [0x00000000ebb80000,0x00000000ebbf0000,0x00000000ebc80000)
  to   space 512K, 0% used [0x00000000ebd00000,0x00000000ebd00000,0x00000000ebd80000)
 ParOldGen       total 107008K, used 80660K [0x00000000c0000000, 0x00000000c6880000, 0x00000000eab00000)
  object space 107008K, 75% used [0x00000000c0000000,0x00000000c4ec50a0,0x00000000c6880000)
 Metaspace       used 69874K, committed 70976K, reserved 1114112K
  class space    used 7927K, committed 8448K, reserved 1048576K
GC Heap History (20 events):
Event: 454.878 GC heap before
{Heap before GC invocations=133 (full 9):
 PSYoungGen      total 1536K, used 1120K [0x00000000eab00000, 0x00000000ebe80000, 0x0000000100000000)
  eden space 512K, 100% used [0x00000000eab00000,0x00000000eab80000,0x00000000eab80000)
  from space 1024K, 59% used [0x00000000ebd00000,0x00000000ebd98000,0x00000000ebe00000)
  to   space 512K, 0% used [0x00000000ebe00000,0x00000000ebe00000,0x00000000ebe80000)
 ParOldGen       total 107008K, used 75530K [0x00000000c0000000, 0x00000000c6880000, 0x00000000eab00000)
  object space 107008K, 70% used [0x00000000c0000000,0x00000000c49c28a0,0x00000000c6880000)
 Metaspace       used 69722K, committed 70912K, reserved 1114112K
  class space    used 7909K, committed 8448K, reserved 1048576K
}
Event: 454.881 GC heap after
{Heap after GC invocations=133 (full 9):
 PSYoungGen      total 1024K, used 512K [0x00000000eab00000, 0x00000000ebe80000, 0x0000000100000000)
  eden space 512K, 0% used [0x00000000eab00000,0x00000000eab00000,0x00000000eab80000)
  from space 512K, 100% used [0x00000000ebe00000,0x00000000ebe80000,0x00000000ebe80000)
  to   space 1536K, 0% used [0x00000000ebb80000,0x00000000ebb80000,0x00000000ebd00000)
 ParOldGen       total 107008K, used 76066K [0x00000000c0000000, 0x00000000c6880000, 0x00000000eab00000)
  object space 107008K, 71% used [0x00000000c0000000,0x00000000c4a488a0,0x00000000c6880000)
 Metaspace       used 69722K, committed 70912K, reserved 1114112K
  class space    used 7909K, committed 8448K, reserved 1048576K
}
Event: 454.887 GC heap before
{Heap before GC invocations=134 (full 9):
 PSYoungGen      total 1024K, used 1024K [0x00000000eab00000, 0x00000000ebe80000, 0x0000000100000000)
  eden space 512K, 100% used [0x00000000eab00000,0x00000000eab80000,0x00000000eab80000)
  from space 512K, 100% used [0x00000000ebe00000,0x00000000ebe80000,0x00000000ebe80000)
  to   space 1536K, 0% used [0x00000000ebb80000,0x00000000ebb80000,0x00000000ebd00000)
 ParOldGen       total 107008K, used 76066K [0x00000000c0000000, 0x00000000c6880000, 0x00000000eab00000)
  object space 107008K, 71% used [0x00000000c0000000,0x00000000c4a488a0,0x00000000c6880000)
 Metaspace       used 69722K, committed 70912K, reserved 1114112K
  class space    used 7909K, committed 8448K, reserved 1048576K
}
Event: 454.889 GC heap after
{Heap after GC invocations=134 (full 9):
 PSYoungGen      total 2048K, used 640K [0x00000000eab00000, 0x00000000ebe80000, 0x0000000100000000)
  eden space 512K, 0% used [0x00000000eab00000,0x00000000eab00000,0x00000000eab80000)
  from space 1536K, 41% used [0x00000000ebb80000,0x00000000ebc20000,0x00000000ebd00000)
  to   space 1024K, 0% used [0x00000000ebd80000,0x00000000ebd80000,0x00000000ebe80000)
 ParOldGen       total 107008K, used 76562K [0x00000000c0000000, 0x00000000c6880000, 0x00000000eab00000)
  object space 107008K, 71% used [0x00000000c0000000,0x00000000c4ac48a0,0x00000000c6880000)
 Metaspace       used 69722K, committed 70912K, reserved 1114112K
  class space    used 7909K, committed 8448K, reserved 1048576K
}
Event: 454.891 GC heap before
{Heap before GC invocations=135 (full 9):
 PSYoungGen      total 2048K, used 1152K [0x00000000eab00000, 0x00000000ebe80000, 0x0000000100000000)
  eden space 512K, 100% used [0x00000000eab00000,0x00000000eab80000,0x00000000eab80000)
  from space 1536K, 41% used [0x00000000ebb80000,0x00000000ebc20000,0x00000000ebd00000)
  to   space 1024K, 0% used [0x00000000ebd80000,0x00000000ebd80000,0x00000000ebe80000)
 ParOldGen       total 107008K, used 76562K [0x00000000c0000000, 0x00000000c6880000, 0x00000000eab00000)
  object space 107008K, 71% used [0x00000000c0000000,0x00000000c4ac48a0,0x00000000c6880000)
 Metaspace       used 69722K, committed 70912K, reserved 1114112K
  class space    used 7909K, committed 8448K, reserved 1048576K
}
Event: 454.892 GC heap after
{Heap after GC invocations=135 (full 9):
 PSYoungGen      total 1536K, used 544K [0x00000000eab00000, 0x00000000ebe80000, 0x0000000100000000)
  eden space 512K, 0% used [0x00000000eab00000,0x00000000eab00000,0x00000000eab80000)
  from space 1024K, 53% used [0x00000000ebd80000,0x00000000ebe08000,0x00000000ebe80000)
  to   space 1024K, 0% used [0x00000000ebc80000,0x00000000ebc80000,0x00000000ebd80000)
 ParOldGen       total 107008K, used 77074K [0x00000000c0000000, 0x00000000c6880000, 0x00000000eab00000)
  object space 107008K, 72% used [0x00000000c0000000,0x00000000c4b448a0,0x00000000c6880000)
 Metaspace       used 69722K, committed 70912K, reserved 1114112K
  class space    used 7909K, committed 8448K, reserved 1048576K
}
Event: 454.895 GC heap before
{Heap before GC invocations=136 (full 9):
 PSYoungGen      total 1536K, used 1056K [0x00000000eab00000, 0x00000000ebe80000, 0x0000000100000000)
  eden space 512K, 100% used [0x00000000eab00000,0x00000000eab80000,0x00000000eab80000)
  from space 1024K, 53% used [0x00000000ebd80000,0x00000000ebe08000,0x00000000ebe80000)
  to   space 1024K, 0% used [0x00000000ebc80000,0x00000000ebc80000,0x00000000ebd80000)
 ParOldGen       total 107008K, used 77074K [0x00000000c0000000, 0x00000000c6880000, 0x00000000eab00000)
  object space 107008K, 72% used [0x00000000c0000000,0x00000000c4b448a0,0x00000000c6880000)
 Metaspace       used 69722K, committed 70912K, reserved 1114112K
  class space    used 7909K, committed 8448K, reserved 1048576K
}
Event: 454.897 GC heap after
{Heap after GC invocations=136 (full 9):
 PSYoungGen      total 1536K, used 544K [0x00000000eab00000, 0x00000000ebe00000, 0x0000000100000000)
  eden space 512K, 0% used [0x00000000eab00000,0x00000000eab00000,0x00000000eab80000)
  from space 1024K, 53% used [0x00000000ebc80000,0x00000000ebd08000,0x00000000ebd80000)
  to   space 512K, 0% used [0x00000000ebd80000,0x00000000ebd80000,0x00000000ebe00000)
 ParOldGen       total 107008K, used 77586K [0x00000000c0000000, 0x00000000c6880000, 0x00000000eab00000)
  object space 107008K, 72% used [0x00000000c0000000,0x00000000c4bc48a0,0x00000000c6880000)
 Metaspace       used 69722K, committed 70912K, reserved 1114112K
  class space    used 7909K, committed 8448K, reserved 1048576K
}
Event: 454.929 GC heap before
{Heap before GC invocations=137 (full 9):
 PSYoungGen      total 1536K, used 1056K [0x00000000eab00000, 0x00000000ebe00000, 0x0000000100000000)
  eden space 512K, 100% used [0x00000000eab00000,0x00000000eab80000,0x00000000eab80000)
  from space 1024K, 53% used [0x00000000ebc80000,0x00000000ebd08000,0x00000000ebd80000)
  to   space 512K, 0% used [0x00000000ebd80000,0x00000000ebd80000,0x00000000ebe00000)
 ParOldGen       total 107008K, used 77586K [0x00000000c0000000, 0x00000000c6880000, 0x00000000eab00000)
  object space 107008K, 72% used [0x00000000c0000000,0x00000000c4bc48a0,0x00000000c6880000)
 Metaspace       used 69722K, committed 70912K, reserved 1114112K
  class space    used 7909K, committed 8448K, reserved 1048576K
}
Event: 454.931 GC heap after
{Heap after GC invocations=137 (full 9):
 PSYoungGen      total 1024K, used 512K [0x00000000eab00000, 0x00000000ebe00000, 0x0000000100000000)
  eden space 512K, 0% used [0x00000000eab00000,0x00000000eab00000,0x00000000eab80000)
  from space 512K, 100% used [0x00000000ebd80000,0x00000000ebe00000,0x00000000ebe00000)
  to   space 1536K, 0% used [0x00000000ebb00000,0x00000000ebb00000,0x00000000ebc80000)
 ParOldGen       total 107008K, used 78106K [0x00000000c0000000, 0x00000000c6880000, 0x00000000eab00000)
  object space 107008K, 72% used [0x00000000c0000000,0x00000000c4c468a0,0x00000000c6880000)
 Metaspace       used 69722K, committed 70912K, reserved 1114112K
  class space    used 7909K, committed 8448K, reserved 1048576K
}
Event: 454.944 GC heap before
{Heap before GC invocations=138 (full 9):
 PSYoungGen      total 1024K, used 1024K [0x00000000eab00000, 0x00000000ebe00000, 0x0000000100000000)
  eden space 512K, 100% used [0x00000000eab00000,0x00000000eab80000,0x00000000eab80000)
  from space 512K, 100% used [0x00000000ebd80000,0x00000000ebe00000,0x00000000ebe00000)
  to   space 1536K, 0% used [0x00000000ebb00000,0x00000000ebb00000,0x00000000ebc80000)
 ParOldGen       total 107008K, used 78106K [0x00000000c0000000, 0x00000000c6880000, 0x00000000eab00000)
  object space 107008K, 72% used [0x00000000c0000000,0x00000000c4c468a0,0x00000000c6880000)
 Metaspace       used 69722K, committed 70912K, reserved 1114112K
  class space    used 7909K, committed 8448K, reserved 1048576K
}
Event: 454.945 GC heap after
{Heap after GC invocations=138 (full 9):
 PSYoungGen      total 2048K, used 608K [0x00000000eab00000, 0x00000000ebe00000, 0x0000000100000000)
  eden space 512K, 0% used [0x00000000eab00000,0x00000000eab00000,0x00000000eab80000)
  from space 1536K, 39% used [0x00000000ebb00000,0x00000000ebb98000,0x00000000ebc80000)
  to   space 1024K, 0% used [0x00000000ebd00000,0x00000000ebd00000,0x00000000ebe00000)
 ParOldGen       total 107008K, used 78586K [0x00000000c0000000, 0x00000000c6880000, 0x00000000eab00000)
  object space 107008K, 73% used [0x00000000c0000000,0x00000000c4cbe8a0,0x00000000c6880000)
 Metaspace       used 69722K, committed 70912K, reserved 1114112K
  class space    used 7909K, committed 8448K, reserved 1048576K
}
Event: 454.953 GC heap before
{Heap before GC invocations=139 (full 9):
 PSYoungGen      total 2048K, used 1120K [0x00000000eab00000, 0x00000000ebe00000, 0x0000000100000000)
  eden space 512K, 100% used [0x00000000eab00000,0x00000000eab80000,0x00000000eab80000)
  from space 1536K, 39% used [0x00000000ebb00000,0x00000000ebb98000,0x00000000ebc80000)
  to   space 1024K, 0% used [0x00000000ebd00000,0x00000000ebd00000,0x00000000ebe00000)
 ParOldGen       total 107008K, used 78586K [0x00000000c0000000, 0x00000000c6880000, 0x00000000eab00000)
  object space 107008K, 73% used [0x00000000c0000000,0x00000000c4cbe8a0,0x00000000c6880000)
 Metaspace       used 69722K, committed 70912K, reserved 1114112K
  class space    used 7909K, committed 8448K, reserved 1048576K
}
Event: 454.954 GC heap after
{Heap after GC invocations=139 (full 9):
 PSYoungGen      total 1536K, used 576K [0x00000000eab00000, 0x00000000ebe00000, 0x0000000100000000)
  eden space 512K, 0% used [0x00000000eab00000,0x00000000eab00000,0x00000000eab80000)
  from space 1024K, 56% used [0x00000000ebd00000,0x00000000ebd90000,0x00000000ebe00000)
  to   space 1024K, 0% used [0x00000000ebc00000,0x00000000ebc00000,0x00000000ebd00000)
 ParOldGen       total 107008K, used 79090K [0x00000000c0000000, 0x00000000c6880000, 0x00000000eab00000)
  object space 107008K, 73% used [0x00000000c0000000,0x00000000c4d3c8a0,0x00000000c6880000)
 Metaspace       used 69722K, committed 70912K, reserved 1114112K
  class space    used 7909K, committed 8448K, reserved 1048576K
}
Event: 455.003 GC heap before
{Heap before GC invocations=140 (full 9):
 PSYoungGen      total 1536K, used 1061K [0x00000000eab00000, 0x00000000ebe00000, 0x0000000100000000)
  eden space 512K, 94% used [0x00000000eab00000,0x00000000eab79468,0x00000000eab80000)
  from space 1024K, 56% used [0x00000000ebd00000,0x00000000ebd90000,0x00000000ebe00000)
  to   space 1024K, 0% used [0x00000000ebc00000,0x00000000ebc00000,0x00000000ebd00000)
 ParOldGen       total 107008K, used 79090K [0x00000000c0000000, 0x00000000c6880000, 0x00000000eab00000)
  object space 107008K, 73% used [0x00000000c0000000,0x00000000c4d3c8a0,0x00000000c6880000)
 Metaspace       used 69722K, committed 70912K, reserved 1114112K
  class space    used 7909K, committed 8448K, reserved 1048576K
}
Event: 455.004 GC heap after
{Heap after GC invocations=140 (full 9):
 PSYoungGen      total 1536K, used 548K [0x00000000eab00000, 0x00000000ebd80000, 0x0000000100000000)
  eden space 512K, 0% used [0x00000000eab00000,0x00000000eab00000,0x00000000eab80000)
  from space 1024K, 53% used [0x00000000ebc00000,0x00000000ebc89100,0x00000000ebd00000)
  to   space 512K, 0% used [0x00000000ebd00000,0x00000000ebd00000,0x00000000ebd80000)
 ParOldGen       total 107008K, used 79618K [0x00000000c0000000, 0x00000000c6880000, 0x00000000eab00000)
  object space 107008K, 74% used [0x00000000c0000000,0x00000000c4dc08a0,0x00000000c6880000)
 Metaspace       used 69722K, committed 70912K, reserved 1114112K
  class space    used 7909K, committed 8448K, reserved 1048576K
}
Event: 455.055 GC heap before
{Heap before GC invocations=141 (full 9):
 PSYoungGen      total 1536K, used 955K [0x00000000eab00000, 0x00000000ebd80000, 0x0000000100000000)
  eden space 512K, 79% used [0x00000000eab00000,0x00000000eab65e10,0x00000000eab80000)
  from space 1024K, 53% used [0x00000000ebc00000,0x00000000ebc89100,0x00000000ebd00000)
  to   space 512K, 0% used [0x00000000ebd00000,0x00000000ebd00000,0x00000000ebd80000)
 ParOldGen       total 107008K, used 79618K [0x00000000c0000000, 0x00000000c6880000, 0x00000000eab00000)
  object space 107008K, 74% used [0x00000000c0000000,0x00000000c4dc08a0,0x00000000c6880000)
 Metaspace       used 69722K, committed 70912K, reserved 1114112K
  class space    used 7909K, committed 8448K, reserved 1048576K
}
Event: 455.057 GC heap after
{Heap after GC invocations=141 (full 9):
 PSYoungGen      total 1024K, used 497K [0x00000000eab00000, 0x00000000ebd80000, 0x0000000100000000)
  eden space 512K, 0% used [0x00000000eab00000,0x00000000eab00000,0x00000000eab80000)
  from space 512K, 97% used [0x00000000ebd00000,0x00000000ebd7c400,0x00000000ebd80000)
  to   space 1024K, 0% used [0x00000000ebb80000,0x00000000ebb80000,0x00000000ebc80000)
 ParOldGen       total 107008K, used 79954K [0x00000000c0000000, 0x00000000c6880000, 0x00000000eab00000)
  object space 107008K, 74% used [0x00000000c0000000,0x00000000c4e148a0,0x00000000c6880000)
 Metaspace       used 69722K, committed 70912K, reserved 1114112K
  class space    used 7909K, committed 8448K, reserved 1048576K
}
Event: 455.097 GC heap before
{Heap before GC invocations=142 (full 9):
 PSYoungGen      total 1024K, used 1009K [0x00000000eab00000, 0x00000000ebd80000, 0x0000000100000000)
  eden space 512K, 100% used [0x00000000eab00000,0x00000000eab80000,0x00000000eab80000)
  from space 512K, 97% used [0x00000000ebd00000,0x00000000ebd7c400,0x00000000ebd80000)
  to   space 1024K, 0% used [0x00000000ebb80000,0x00000000ebb80000,0x00000000ebc80000)
 ParOldGen       total 107008K, used 80500K [0x00000000c0000000, 0x00000000c6880000, 0x00000000eab00000)
  object space 107008K, 75% used [0x00000000c0000000,0x00000000c4e9d0a0,0x00000000c6880000)
 Metaspace       used 69722K, committed 70912K, reserved 1114112K
  class space    used 7909K, committed 8448K, reserved 1048576K
}
Event: 455.099 GC heap after
{Heap after GC invocations=142 (full 9):
 PSYoungGen      total 17920K, used 448K [0x00000000eab00000, 0x00000000ebd80000, 0x0000000100000000)
  eden space 16896K, 0% used [0x00000000eab00000,0x00000000eab00000,0x00000000ebb80000)
  from space 1024K, 43% used [0x00000000ebb80000,0x00000000ebbf0000,0x00000000ebc80000)
  to   space 512K, 0% used [0x00000000ebd00000,0x00000000ebd00000,0x00000000ebd80000)
 ParOldGen       total 107008K, used 80660K [0x00000000c0000000, 0x00000000c6880000, 0x00000000eab00000)
  object space 107008K, 75% used [0x00000000c0000000,0x00000000c4ec50a0,0x00000000c6880000)
 Metaspace       used 69722K, committed 70912K, reserved 1114112K
  class space    used 7909K, committed 8448K, reserved 1048576K
}

