# JRE version: Java(TM) SE Runtime Environment (16.0.1+9) (build 16.0.1+9-24)
# Java VM: Java HotSpot(TM) 64-Bit Server VM (16.0.1+9-24, mixed mode, sharing, tiered, compressed oops, compressed class ptrs, g1 gc, windows-amd64)
GC Precious Log:
 CPUs: 8 total, 8 available
 Memory: 8062M
 Large Page Support: Disabled
 NUMA Support: Disabled
 Compressed Oops: Enabled (32-bit)
 Heap Region Size: 1M
 Heap Min Capacity: 8M
 Heap Initial Capacity: 126M
 Heap Max Capacity: 2016M
 Pre-touch: Disabled
 Parallel Workers: 8
 Concurrent Workers: 2
 Concurrent Refinement Workers: 8
 Periodic GC: Disabled
Heap:
 garbage-first heap   total 342016K, used 93628K [0x0000000082000000, 0x0000000100000000)
  region size 1024K, 7 young (7168K), 2 survivors (2048K)
 Metaspace       used 83858K, committed 84160K, reserved 1130496K
  class space    used 8837K, committed 8960K, reserved 1048576K
GC Heap History (20 events):
Event: 34.957 GC heap before
{Heap before GC invocations=35 (full 0):
 garbage-first heap   total 150528K, used 122991K [0x0000000082000000, 0x0000000100000000)
  region size 1024K, 50 young (51200K), 6 survivors (6144K)
 Metaspace       used 61891K, committed 62144K, reserved 1105920K
  class space    used 6901K, committed 7040K, reserved 1048576K
}
Event: 34.972 GC heap after
{Heap after GC invocations=36 (full 0):
 garbage-first heap   total 150528K, used 81276K [0x0000000082000000, 0x0000000100000000)
  region size 1024K, 7 young (7168K), 7 survivors (7168K)
 Metaspace       used 61891K, committed 62144K, reserved 1105920K
  class space    used 6901K, committed 7040K, reserved 1048576K
}
Event: 35.809 GC heap before
{Heap before GC invocations=37 (full 0):
 garbage-first heap   total 150528K, used 124284K [0x0000000082000000, 0x0000000100000000)
  region size 1024K, 49 young (50176K), 7 survivors (7168K)
 Metaspace       used 62449K, committed 62784K, reserved 1105920K
  class space    used 6931K, committed 7104K, reserved 1048576K
}
Event: 35.823 GC heap after
{Heap after GC invocations=38 (full 0):
 garbage-first heap   total 150528K, used 81648K [0x0000000082000000, 0x0000000100000000)
  region size 1024K, 4 young (4096K), 4 survivors (4096K)
 Metaspace       used 62449K, committed 62784K, reserved 1105920K
  class space    used 6931K, committed 7104K, reserved 1048576K
}
Event: 37.838 GC heap before
{Heap before GC invocations=38 (full 0):
 garbage-first heap   total 150528K, used 125680K [0x0000000082000000, 0x0000000100000000)
  region size 1024K, 47 young (48128K), 4 survivors (4096K)
 Metaspace       used 68710K, committed 68992K, reserved 1114112K
  class space    used 7491K, committed 7616K, reserved 1048576K
}
Event: 37.851 GC heap after
{Heap after GC invocations=39 (full 0):
 garbage-first heap   total 150528K, used 84257K [0x0000000082000000, 0x0000000100000000)
  region size 1024K, 4 young (4096K), 4 survivors (4096K)
 Metaspace       used 68710K, committed 68992K, reserved 1114112K
  class space    used 7491K, committed 7616K, reserved 1048576K
}
Event: 39.004 GC heap before
{Heap before GC invocations=40 (full 0):
 garbage-first heap   total 150528K, used 126241K [0x0000000082000000, 0x0000000100000000)
  region size 1024K, 45 young (46080K), 4 survivors (4096K)
 Metaspace       used 69306K, committed 69632K, reserved 1114112K
  class space    used 7513K, committed 7680K, reserved 1048576K
}
Event: 39.020 GC heap after
{Heap after GC invocations=41 (full 0):
 garbage-first heap   total 150528K, used 89280K [0x0000000082000000, 0x0000000100000000)
  region size 1024K, 6 young (6144K), 6 survivors (6144K)
 Metaspace       used 69306K, committed 69632K, reserved 1114112K
  class space    used 7513K, committed 7680K, reserved 1048576K
}
Event: 39.794 GC heap before
{Heap before GC invocations=41 (full 0):
 garbage-first heap   total 150528K, used 125120K [0x0000000082000000, 0x0000000100000000)
  region size 1024K, 41 young (41984K), 6 survivors (6144K)
 Metaspace       used 69824K, committed 70080K, reserved 1114112K
  class space    used 7564K, committed 7680K, reserved 1048576K
}
Event: 39.812 GC heap after
{Heap after GC invocations=42 (full 0):
 garbage-first heap   total 150528K, used 94808K [0x0000000082000000, 0x0000000100000000)
  region size 1024K, 6 young (6144K), 6 survivors (6144K)
 Metaspace       used 69824K, committed 70080K, reserved 1114112K
  class space    used 7564K, committed 7680K, reserved 1048576K
}
Event: 41.258 GC heap before
{Heap before GC invocations=43 (full 0):
 garbage-first heap   total 171008K, used 122456K [0x0000000082000000, 0x0000000100000000)
  region size 1024K, 33 young (33792K), 6 survivors (6144K)
 Metaspace       used 75589K, committed 75904K, reserved 1122304K
  class space    used 8233K, committed 8384K, reserved 1048576K
}
Event: 41.267 GC heap after
{Heap after GC invocations=44 (full 0):
 garbage-first heap   total 171008K, used 96067K [0x0000000082000000, 0x0000000100000000)
  region size 1024K, 2 young (2048K), 2 survivors (2048K)
 Metaspace       used 75589K, committed 75904K, reserved 1122304K
  class space    used 8233K, committed 8384K, reserved 1048576K
}
Event: 42.739 GC heap before
{Heap before GC invocations=44 (full 0):
 garbage-first heap   total 171008K, used 140099K [0x0000000082000000, 0x0000000100000000)
  region size 1024K, 45 young (46080K), 2 survivors (2048K)
 Metaspace       used 78804K, committed 79104K, reserved 1122304K
  class space    used 8469K, committed 8640K, reserved 1048576K
}
Event: 42.750 GC heap after
{Heap after GC invocations=45 (full 0):
 garbage-first heap   total 171008K, used 97629K [0x0000000082000000, 0x0000000100000000)
  region size 1024K, 4 young (4096K), 4 survivors (4096K)
 Metaspace       used 78804K, committed 79104K, reserved 1122304K
  class space    used 8469K, committed 8640K, reserved 1048576K
}
Event: 43.332 GC heap before
{Heap before GC invocations=46 (full 0):
 garbage-first heap   total 171008K, used 138589K [0x0000000082000000, 0x0000000100000000)
  region size 1024K, 46 young (47104K), 4 survivors (4096K)
 Metaspace       used 79151K, committed 79488K, reserved 1122304K
  class space    used 8473K, committed 8640K, reserved 1048576K
}
Event: 43.343 GC heap after
{Heap after GC invocations=47 (full 0):
 garbage-first heap   total 171008K, used 99009K [0x0000000082000000, 0x0000000100000000)
  region size 1024K, 6 young (6144K), 6 survivors (6144K)
 Metaspace       used 79151K, committed 79488K, reserved 1122304K
  class space    used 8473K, committed 8640K, reserved 1048576K
}
Event: 43.374 GC heap before
{Heap before GC invocations=47 (full 0):
 garbage-first heap   total 171008K, used 101057K [0x0000000082000000, 0x0000000100000000)
  region size 1024K, 8 young (8192K), 6 survivors (6144K)
 Metaspace       used 79187K, committed 79488K, reserved 1122304K
  class space    used 8473K, committed 8640K, reserved 1048576K
}
Event: 43.397 GC heap after
{Heap after GC invocations=48 (full 0):
 garbage-first heap   total 171008K, used 87692K [0x0000000082000000, 0x0000000100000000)
  region size 1024K, 1 young (1024K), 1 survivors (1024K)
 Metaspace       used 79187K, committed 79488K, reserved 1122304K
  class space    used 8473K, committed 8640K, reserved 1048576K
}
Event: 44.505 GC heap before
{Heap before GC invocations=48 (full 0):
 garbage-first heap   total 171008K, used 137868K [0x0000000082000000, 0x0000000100000000)
  region size 1024K, 50 young (51200K), 1 survivors (1024K)
 Metaspace       used 83640K, committed 83968K, reserved 1130496K
  class space    used 8828K, committed 8960K, reserved 1048576K
}
Event: 44.512 GC heap after
{Heap after GC invocations=49 (full 0):
 garbage-first heap   total 342016K, used 88508K [0x0000000082000000, 0x0000000100000000)
  region size 1024K, 2 young (2048K), 2 survivors (2048K)
 Metaspace       used 83640K, committed 83968K, reserved 1130496K
  class space    used 8828K, committed 8960K, reserved 1048576K
}

